<?xml version="1.0" encoding="UTF-8"?>
<!-- Generated by org.testng.reporters.JUnitReportReporter -->
<testsuite hostname="GGN001346" failures="0" tests="1" name="com.quicklly.ShopByDepartGroceryTC.ShopByDepartGroceryTC" time="27.964" errors="0" timestamp="11 Mar 2021 07:39:41 GMT" skipped="0">
  <testcase classname="com.quicklly.ShopByDepartGroceryTC.ShopByDepartGroceryTC" name="ShopByDeptGrocery" time="27.964"/>
</testsuite> <!-- com.quicklly.ShopByDepartGroceryTC.ShopByDepartGroceryTC -->
